<?xml version="1.0" encoding="UTF-8"?>
<testsuite xmlns:xsi="http://www.w3.org/2001/XMLSchema-instance" xsi:noNamespaceSchemaLocation="https://maven.apache.org/surefire/maven-surefire-plugin/xsd/surefire-test-report.xsd" name="AllBooksEndpointTest" time="4.215" tests="5" errors="0" skipped="0" failures="0">
  <properties>
[...]
</properties>
  <testcase name="getAllBooksResponseCodeTest" classname="AllBooksEndpointTest" time="0.082"/>
  <testcase name="getAllBooksPerformanceTest" classname="AllBooksEndpointTest" time="0.041"/>
  <testcase name="getAllBooksResultHasItemsTest" classname="AllBooksEndpointTest" time="0.839"/>
  <testcase name="getAllBooksNumOfResultTest" classname="AllBooksEndpointTest" time="0.061"/>
  <testcase name="getAllBooksResultContainsTest" classname="AllBooksEndpointTest" time="0.05"/>
</testsuite>